Info: error timestamp: Aug-05-2021 message: Invalid value "undefined" for header "authToken"
Info: error timestamp: Aug-05-2021 message: Invalid value "undefined" for header "authToken"
Info: error timestamp: Aug-05-2021 message: getaddrinfo ENOTFOUND undefinedrestaurant
Info: error timestamp: Aug-05-2021 message: getaddrinfo ENOTFOUND undefinedrestaurant
Info: error timestamp: Aug-05-2021 message: getaddrinfo ENOTFOUND undefinedrestaurant
Info: error timestamp: Aug-05-2021 message: getaddrinfo ENOTFOUND undefinedrestaurant
Info: error timestamp: Aug-05-2021 message: getaddrinfo ENOTFOUND undefinedrestaurant
Info: error timestamp: Aug-05-2021 message: getaddrinfo ENOTFOUND undefinedrestaurant
Info: error timestamp: Aug-05-2021 message: getaddrinfo ENOTFOUND undefinedrestaurant
Info: error timestamp: Aug-05-2021 message: getaddrinfo ENOTFOUND undefinedrestaurant
Info: error timestamp: Aug-05-2021 message: getaddrinfo ENOTFOUND undefinedrestaurant
Info: error timestamp: Aug-05-2021 message: getaddrinfo ENOTFOUND undefinedrestaurant
Info: error timestamp: Aug-05-2021 message: getaddrinfo ENOTFOUND undefinedrestaurant
Info: error timestamp: Aug-05-2021 message: getaddrinfo ENOTFOUND undefinedrestaurant
Info: error timestamp: Aug-05-2021 message: getaddrinfo ENOTFOUND undefinedrestaurant
Info: error timestamp: Aug-05-2021 message: getaddrinfo ENOTFOUND undefinedrestaurant
Info: error timestamp: Aug-05-2021 message: WHERE parameter "id" has invalid "undefined" value
Info: error timestamp: Aug-05-2021 message: WHERE parameter "id" has invalid "undefined" value
Info: error timestamp: Aug-05-2021 message: No such rating records available
Info: error timestamp: Aug-06-2021 message: read ECONNRESET
Info: error timestamp: Aug-06-2021 message: read ECONNRESET
Info: error timestamp: Aug-06-2021 message: read ECONNRESET
Info: error timestamp: Aug-06-2021 message: read ECONNRESET
Info: error timestamp: Aug-06-2021 message: read ECONNRESET
Info: error timestamp: Aug-06-2021 message: read ECONNRESET
Info: error timestamp: Aug-08-2021 message: connect ECONNREFUSED 127.0.0.1:5002
Info: error timestamp: Aug-08-2021 message: connect ECONNREFUSED 127.0.0.1:5002
Info: error timestamp: Aug-08-2021 message: Such rating not found
